<?xml version="1.0" encoding="UTF-8"?>
<testsuite name="com.maxnimal.geocompute.GeoRadiusEngineTest" tests="4" skipped="0" failures="0" errors="0" timestamp="2026-06-01T18:01:26" hostname="PRAMs-MacBook-Pro.local" time="0.052">
  <properties/>
  <testcase name="test isWithinRadius" classname="com.maxnimal.geocompute.GeoRadiusEngineTest" time="0.014"/>
  <testcase name="test distance close range" classname="com.maxnimal.geocompute.GeoRadiusEngineTest" time="0.0"/>
  <testcase name="test filterWithinRadius" classname="com.maxnimal.geocompute.GeoRadiusEngineTest" time="0.035"/>
  <testcase name="test distance between Bangkok and Chiang Mai" classname="com.maxnimal.geocompute.GeoRadiusEngineTest" time="0.001"/>
  <system-out><![CDATA[]]></system-out>
  <system-err><![CDATA[]]></system-err>
</testsuite>
